<?xml version="1.0" encoding="UTF-8"?>
<testsuite xmlns:xsi="http://www.w3.org/2001/XMLSchema-instance" xsi:noNamespaceSchemaLocation="https://maven.apache.org/surefire/maven-surefire-plugin/xsd/surefire-test-report.xsd" name="com.spring.securitydemo1.Securitydemo1ApplicationTests" time="7.597" tests="1" errors="0" skipped="0" failures="0">
  <properties>
    <property name="sun.desktop" value="windows"/>
    <property name="awt.toolkit" value="sun.awt.windows.WToolkit"/>
    <property name="file.encoding.pkg" value="sun.io"/>
    <property name="java.specification.version" value="1.8"/>
    <property name="sun.cpu.isalist" value="amd64"/>
    <property name="sun.jnu.encoding" value="GBK"/>
    <property name="java.class.path" value="E:\springsecurity\securitydemo1\target\test-classes;E:\springsecurity\securitydemo1\target\classes;E:\maven\repmaven\org\springframework\boot\spring-boot-starter-security\2.4.2\spring-boot-starter-security-2.4.2.jar;E:\maven\repmaven\org\springframework\boot\spring-boot-starter\2.4.2\spring-boot-starter-2.4.2.jar;E:\maven\repmaven\org\springframework\boot\spring-boot-starter-logging\2.4.2\spring-boot-starter-logging-2.4.2.jar;E:\maven\repmaven\ch\qos\logback\logback-classic\1.2.3\logback-classic-1.2.3.jar;E:\maven\repmaven\ch\qos\logback\logback-core\1.2.3\logback-core-1.2.3.jar;E:\maven\repmaven\org\apache\logging\log4j\log4j-to-slf4j\2.13.3\log4j-to-slf4j-2.13.3.jar;E:\maven\repmaven\org\apache\logging\log4j\log4j-api\2.13.3\log4j-api-2.13.3.jar;E:\maven\repmaven\org\slf4j\jul-to-slf4j\1.7.30\jul-to-slf4j-1.7.30.jar;E:\maven\repmaven\jakarta\annotation\jakarta.annotation-api\1.3.5\jakarta.annotation-api-1.3.5.jar;E:\maven\repmaven\org\yaml\snakeyaml\1.27\snakeyaml-1.27.jar;E:\maven\repmaven\org\springframework\spring-aop\5.3.3\spring-aop-5.3.3.jar;E:\maven\repmaven\org\springframework\spring-beans\5.3.3\spring-beans-5.3.3.jar;E:\maven\repmaven\org\springframework\security\spring-security-config\5.4.2\spring-security-config-5.4.2.jar;E:\maven\repmaven\org\springframework\spring-context\5.3.3\spring-context-5.3.3.jar;E:\maven\repmaven\org\springframework\security\spring-security-web\5.4.2\spring-security-web-5.4.2.jar;E:\maven\repmaven\org\springframework\spring-expression\5.3.3\spring-expression-5.3.3.jar;E:\maven\repmaven\org\springframework\boot\spring-boot-starter-web\2.4.2\spring-boot-starter-web-2.4.2.jar;E:\maven\repmaven\org\springframework\boot\spring-boot-starter-json\2.4.2\spring-boot-starter-json-2.4.2.jar;E:\maven\repmaven\com\fasterxml\jackson\core\jackson-databind\2.11.4\jackson-databind-2.11.4.jar;E:\maven\repmaven\com\fasterxml\jackson\core\jackson-annotations\2.11.4\jackson-annotations-2.11.4.jar;E:\maven\repmaven\com\fasterxml\jackson\core\jackson-core\2.11.4\jackson-core-2.11.4.jar;E:\maven\repmaven\com\fasterxml\jackson\datatype\jackson-datatype-jdk8\2.11.4\jackson-datatype-jdk8-2.11.4.jar;E:\maven\repmaven\com\fasterxml\jackson\datatype\jackson-datatype-jsr310\2.11.4\jackson-datatype-jsr310-2.11.4.jar;E:\maven\repmaven\com\fasterxml\jackson\module\jackson-module-parameter-names\2.11.4\jackson-module-parameter-names-2.11.4.jar;E:\maven\repmaven\org\springframework\boot\spring-boot-starter-tomcat\2.4.2\spring-boot-starter-tomcat-2.4.2.jar;E:\maven\repmaven\org\apache\tomcat\embed\tomcat-embed-core\9.0.41\tomcat-embed-core-9.0.41.jar;E:\maven\repmaven\org\glassfish\jakarta.el\3.0.3\jakarta.el-3.0.3.jar;E:\maven\repmaven\org\apache\tomcat\embed\tomcat-embed-websocket\9.0.41\tomcat-embed-websocket-9.0.41.jar;E:\maven\repmaven\org\springframework\spring-web\5.3.3\spring-web-5.3.3.jar;E:\maven\repmaven\org\springframework\spring-webmvc\5.3.3\spring-webmvc-5.3.3.jar;E:\maven\repmaven\org\springframework\boot\spring-boot-devtools\2.4.2\spring-boot-devtools-2.4.2.jar;E:\maven\repmaven\org\springframework\boot\spring-boot\2.4.2\spring-boot-2.4.2.jar;E:\maven\repmaven\org\springframework\boot\spring-boot-autoconfigure\2.4.2\spring-boot-autoconfigure-2.4.2.jar;E:\maven\repmaven\org\springframework\boot\spring-boot-configuration-processor\2.4.2\spring-boot-configuration-processor-2.4.2.jar;E:\maven\repmaven\org\projectlombok\lombok\1.18.16\lombok-1.18.16.jar;E:\maven\repmaven\org\springframework\boot\spring-boot-starter-test\2.4.2\spring-boot-starter-test-2.4.2.jar;E:\maven\repmaven\org\springframework\boot\spring-boot-test\2.4.2\spring-boot-test-2.4.2.jar;E:\maven\repmaven\org\springframework\boot\spring-boot-test-autoconfigure\2.4.2\spring-boot-test-autoconfigure-2.4.2.jar;E:\maven\repmaven\com\jayway\jsonpath\json-path\2.4.0\json-path-2.4.0.jar;E:\maven\repmaven\net\minidev\json-smart\2.3\json-smart-2.3.jar;E:\maven\repmaven\net\minidev\accessors-smart\1.2\accessors-smart-1.2.jar;E:\maven\repmaven\org\ow2\asm\asm\5.0.4\asm-5.0.4.jar;E:\maven\repmaven\org\slf4j\slf4j-api\1.7.30\slf4j-api-1.7.30.jar;E:\maven\repmaven\jakarta\xml\bind\jakarta.xml.bind-api\2.3.3\jakarta.xml.bind-api-2.3.3.jar;E:\maven\repmaven\jakarta\activation\jakarta.activation-api\1.2.2\jakarta.activation-api-1.2.2.jar;E:\maven\repmaven\org\assertj\assertj-core\3.18.1\assertj-core-3.18.1.jar;E:\maven\repmaven\org\hamcrest\hamcrest\2.2\hamcrest-2.2.jar;E:\maven\repmaven\org\junit\jupiter\junit-jupiter\5.7.0\junit-jupiter-5.7.0.jar;E:\maven\repmaven\org\junit\jupiter\junit-jupiter-api\5.7.0\junit-jupiter-api-5.7.0.jar;E:\maven\repmaven\org\apiguardian\apiguardian-api\1.1.0\apiguardian-api-1.1.0.jar;E:\maven\repmaven\org\opentest4j\opentest4j\1.2.0\opentest4j-1.2.0.jar;E:\maven\repmaven\org\junit\platform\junit-platform-commons\1.7.0\junit-platform-commons-1.7.0.jar;E:\maven\repmaven\org\junit\jupiter\junit-jupiter-params\5.7.0\junit-jupiter-params-5.7.0.jar;E:\maven\repmaven\org\junit\jupiter\junit-jupiter-engine\5.7.0\junit-jupiter-engine-5.7.0.jar;E:\maven\repmaven\org\junit\platform\junit-platform-engine\1.7.0\junit-platform-engine-1.7.0.jar;E:\maven\repmaven\org\mockito\mockito-core\3.6.28\mockito-core-3.6.28.jar;E:\maven\repmaven\net\bytebuddy\byte-buddy\1.10.19\byte-buddy-1.10.19.jar;E:\maven\repmaven\net\bytebuddy\byte-buddy-agent\1.10.19\byte-buddy-agent-1.10.19.jar;E:\maven\repmaven\org\objenesis\objenesis\3.1\objenesis-3.1.jar;E:\maven\repmaven\org\mockito\mockito-junit-jupiter\3.6.28\mockito-junit-jupiter-3.6.28.jar;E:\maven\repmaven\org\skyscreamer\jsonassert\1.5.0\jsonassert-1.5.0.jar;E:\maven\repmaven\com\vaadin\external\google\android-json\0.0.20131108.vaadin1\android-json-0.0.20131108.vaadin1.jar;E:\maven\repmaven\org\springframework\spring-core\5.3.3\spring-core-5.3.3.jar;E:\maven\repmaven\org\springframework\spring-jcl\5.3.3\spring-jcl-5.3.3.jar;E:\maven\repmaven\org\springframework\spring-test\5.3.3\spring-test-5.3.3.jar;E:\maven\repmaven\org\xmlunit\xmlunit-core\2.7.0\xmlunit-core-2.7.0.jar;E:\maven\repmaven\org\springframework\security\spring-security-test\5.4.2\spring-security-test-5.4.2.jar;E:\maven\repmaven\org\springframework\security\spring-security-core\5.4.2\spring-security-core-5.4.2.jar;"/>
    <property name="java.vm.vendor" value="Oracle Corporation"/>
    <property name="sun.arch.data.model" value="64"/>
    <property name="user.variant" value=""/>
    <property name="java.vendor.url" value="http://java.oracle.com/"/>
    <property name="user.timezone" value="Asia/Shanghai"/>
    <property name="java.vm.specification.version" value="1.8"/>
    <property name="os.name" value="Windows 7"/>
    <property name="user.country" value="CN"/>
    <property name="sun.java.launcher" value="SUN_STANDARD"/>
    <property name="sun.boot.library.path" value="E:\jdk1.8\jre\bin"/>
    <property name="sun.java.command" value="C:\Users\Administrator\AppData\Local\Temp\surefire4487770499686884128\surefirebooter8327904221177713058.jar C:\Users\Administrator\AppData\Local\Temp\surefire4487770499686884128 2021-01-21T16-07-34_043-jvmRun1 surefire4688776384554208850tmp surefire_08751550830224423145tmp"/>
    <property name="surefire.test.class.path" value="E:\springsecurity\securitydemo1\target\test-classes;E:\springsecurity\securitydemo1\target\classes;E:\maven\repmaven\org\springframework\boot\spring-boot-starter-security\2.4.2\spring-boot-starter-security-2.4.2.jar;E:\maven\repmaven\org\springframework\boot\spring-boot-starter\2.4.2\spring-boot-starter-2.4.2.jar;E:\maven\repmaven\org\springframework\boot\spring-boot-starter-logging\2.4.2\spring-boot-starter-logging-2.4.2.jar;E:\maven\repmaven\ch\qos\logback\logback-classic\1.2.3\logback-classic-1.2.3.jar;E:\maven\repmaven\ch\qos\logback\logback-core\1.2.3\logback-core-1.2.3.jar;E:\maven\repmaven\org\apache\logging\log4j\log4j-to-slf4j\2.13.3\log4j-to-slf4j-2.13.3.jar;E:\maven\repmaven\org\apache\logging\log4j\log4j-api\2.13.3\log4j-api-2.13.3.jar;E:\maven\repmaven\org\slf4j\jul-to-slf4j\1.7.30\jul-to-slf4j-1.7.30.jar;E:\maven\repmaven\jakarta\annotation\jakarta.annotation-api\1.3.5\jakarta.annotation-api-1.3.5.jar;E:\maven\repmaven\org\yaml\snakeyaml\1.27\snakeyaml-1.27.jar;E:\maven\repmaven\org\springframework\spring-aop\5.3.3\spring-aop-5.3.3.jar;E:\maven\repmaven\org\springframework\spring-beans\5.3.3\spring-beans-5.3.3.jar;E:\maven\repmaven\org\springframework\security\spring-security-config\5.4.2\spring-security-config-5.4.2.jar;E:\maven\repmaven\org\springframework\spring-context\5.3.3\spring-context-5.3.3.jar;E:\maven\repmaven\org\springframework\security\spring-security-web\5.4.2\spring-security-web-5.4.2.jar;E:\maven\repmaven\org\springframework\spring-expression\5.3.3\spring-expression-5.3.3.jar;E:\maven\repmaven\org\springframework\boot\spring-boot-starter-web\2.4.2\spring-boot-starter-web-2.4.2.jar;E:\maven\repmaven\org\springframework\boot\spring-boot-starter-json\2.4.2\spring-boot-starter-json-2.4.2.jar;E:\maven\repmaven\com\fasterxml\jackson\core\jackson-databind\2.11.4\jackson-databind-2.11.4.jar;E:\maven\repmaven\com\fasterxml\jackson\core\jackson-annotations\2.11.4\jackson-annotations-2.11.4.jar;E:\maven\repmaven\com\fasterxml\jackson\core\jackson-core\2.11.4\jackson-core-2.11.4.jar;E:\maven\repmaven\com\fasterxml\jackson\datatype\jackson-datatype-jdk8\2.11.4\jackson-datatype-jdk8-2.11.4.jar;E:\maven\repmaven\com\fasterxml\jackson\datatype\jackson-datatype-jsr310\2.11.4\jackson-datatype-jsr310-2.11.4.jar;E:\maven\repmaven\com\fasterxml\jackson\module\jackson-module-parameter-names\2.11.4\jackson-module-parameter-names-2.11.4.jar;E:\maven\repmaven\org\springframework\boot\spring-boot-starter-tomcat\2.4.2\spring-boot-starter-tomcat-2.4.2.jar;E:\maven\repmaven\org\apache\tomcat\embed\tomcat-embed-core\9.0.41\tomcat-embed-core-9.0.41.jar;E:\maven\repmaven\org\glassfish\jakarta.el\3.0.3\jakarta.el-3.0.3.jar;E:\maven\repmaven\org\apache\tomcat\embed\tomcat-embed-websocket\9.0.41\tomcat-embed-websocket-9.0.41.jar;E:\maven\repmaven\org\springframework\spring-web\5.3.3\spring-web-5.3.3.jar;E:\maven\repmaven\org\springframework\spring-webmvc\5.3.3\spring-webmvc-5.3.3.jar;E:\maven\repmaven\org\springframework\boot\spring-boot-devtools\2.4.2\spring-boot-devtools-2.4.2.jar;E:\maven\repmaven\org\springframework\boot\spring-boot\2.4.2\spring-boot-2.4.2.jar;E:\maven\repmaven\org\springframework\boot\spring-boot-autoconfigure\2.4.2\spring-boot-autoconfigure-2.4.2.jar;E:\maven\repmaven\org\springframework\boot\spring-boot-configuration-processor\2.4.2\spring-boot-configuration-processor-2.4.2.jar;E:\maven\repmaven\org\projectlombok\lombok\1.18.16\lombok-1.18.16.jar;E:\maven\repmaven\org\springframework\boot\spring-boot-starter-test\2.4.2\spring-boot-starter-test-2.4.2.jar;E:\maven\repmaven\org\springframework\boot\spring-boot-test\2.4.2\spring-boot-test-2.4.2.jar;E:\maven\repmaven\org\springframework\boot\spring-boot-test-autoconfigure\2.4.2\spring-boot-test-autoconfigure-2.4.2.jar;E:\maven\repmaven\com\jayway\jsonpath\json-path\2.4.0\json-path-2.4.0.jar;E:\maven\repmaven\net\minidev\json-smart\2.3\json-smart-2.3.jar;E:\maven\repmaven\net\minidev\accessors-smart\1.2\accessors-smart-1.2.jar;E:\maven\repmaven\org\ow2\asm\asm\5.0.4\asm-5.0.4.jar;E:\maven\repmaven\org\slf4j\slf4j-api\1.7.30\slf4j-api-1.7.30.jar;E:\maven\repmaven\jakarta\xml\bind\jakarta.xml.bind-api\2.3.3\jakarta.xml.bind-api-2.3.3.jar;E:\maven\repmaven\jakarta\activation\jakarta.activation-api\1.2.2\jakarta.activation-api-1.2.2.jar;E:\maven\repmaven\org\assertj\assertj-core\3.18.1\assertj-core-3.18.1.jar;E:\maven\repmaven\org\hamcrest\hamcrest\2.2\hamcrest-2.2.jar;E:\maven\repmaven\org\junit\jupiter\junit-jupiter\5.7.0\junit-jupiter-5.7.0.jar;E:\maven\repmaven\org\junit\jupiter\junit-jupiter-api\5.7.0\junit-jupiter-api-5.7.0.jar;E:\maven\repmaven\org\apiguardian\apiguardian-api\1.1.0\apiguardian-api-1.1.0.jar;E:\maven\repmaven\org\opentest4j\opentest4j\1.2.0\opentest4j-1.2.0.jar;E:\maven\repmaven\org\junit\platform\junit-platform-commons\1.7.0\junit-platform-commons-1.7.0.jar;E:\maven\repmaven\org\junit\jupiter\junit-jupiter-params\5.7.0\junit-jupiter-params-5.7.0.jar;E:\maven\repmaven\org\junit\jupiter\junit-jupiter-engine\5.7.0\junit-jupiter-engine-5.7.0.jar;E:\maven\repmaven\org\junit\platform\junit-platform-engine\1.7.0\junit-platform-engine-1.7.0.jar;E:\maven\repmaven\org\mockito\mockito-core\3.6.28\mockito-core-3.6.28.jar;E:\maven\repmaven\net\bytebuddy\byte-buddy\1.10.19\byte-buddy-1.10.19.jar;E:\maven\repmaven\net\bytebuddy\byte-buddy-agent\1.10.19\byte-buddy-agent-1.10.19.jar;E:\maven\repmaven\org\objenesis\objenesis\3.1\objenesis-3.1.jar;E:\maven\repmaven\org\mockito\mockito-junit-jupiter\3.6.28\mockito-junit-jupiter-3.6.28.jar;E:\maven\repmaven\org\skyscreamer\jsonassert\1.5.0\jsonassert-1.5.0.jar;E:\maven\repmaven\com\vaadin\external\google\android-json\0.0.20131108.vaadin1\android-json-0.0.20131108.vaadin1.jar;E:\maven\repmaven\org\springframework\spring-core\5.3.3\spring-core-5.3.3.jar;E:\maven\repmaven\org\springframework\spring-jcl\5.3.3\spring-jcl-5.3.3.jar;E:\maven\repmaven\org\springframework\spring-test\5.3.3\spring-test-5.3.3.jar;E:\maven\repmaven\org\xmlunit\xmlunit-core\2.7.0\xmlunit-core-2.7.0.jar;E:\maven\repmaven\org\springframework\security\spring-security-test\5.4.2\spring-security-test-5.4.2.jar;E:\maven\repmaven\org\springframework\security\spring-security-core\5.4.2\spring-security-core-5.4.2.jar;"/>
    <property name="sun.cpu.endian" value="little"/>
    <property name="user.home" value="C:\Users\Administrator"/>
    <property name="user.language" value="zh"/>
    <property name="java.specification.vendor" value="Oracle Corporation"/>
    <property name="java.home" value="E:\jdk1.8\jre"/>
    <property name="basedir" value="E:\springsecurity\securitydemo1"/>
    <property name="file.separator" value="\"/>
    <property name="line.separator" value="&#10;"/>
    <property name="java.vm.specification.vendor" value="Oracle Corporation"/>
    <property name="java.specification.name" value="Java Platform API Specification"/>
    <property name="java.awt.graphicsenv" value="sun.awt.Win32GraphicsEnvironment"/>
    <property name="surefire.real.class.path" value="C:\Users\Administrator\AppData\Local\Temp\surefire4487770499686884128\surefirebooter8327904221177713058.jar"/>
    <property name="sun.boot.class.path" value="E:\jdk1.8\jre\lib\resources.jar;E:\jdk1.8\jre\lib\rt.jar;E:\jdk1.8\jre\lib\sunrsasign.jar;E:\jdk1.8\jre\lib\jsse.jar;E:\jdk1.8\jre\lib\jce.jar;E:\jdk1.8\jre\lib\charsets.jar;E:\jdk1.8\jre\lib\jfr.jar;E:\jdk1.8\jre\classes"/>
    <property name="user.script" value=""/>
    <property name="sun.management.compiler" value="HotSpot 64-Bit Tiered Compilers"/>
    <property name="java.runtime.version" value="1.8.0_202-b08"/>
    <property name="user.name" value="Administrator"/>
    <property name="path.separator" value=";"/>
    <property name="os.version" value="6.1"/>
    <property name="java.endorsed.dirs" value="E:\jdk1.8\jre\lib\endorsed"/>
    <property name="java.runtime.name" value="Java(TM) SE Runtime Environment"/>
    <property name="file.encoding" value="GBK"/>
    <property name="java.vm.name" value="Java HotSpot(TM) 64-Bit Server VM"/>
    <property name="idea.version2020.1" value="true"/>
    <property name="localRepository" value="E:\maven\repmaven"/>
    <property name="java.vendor.url.bug" value="http://bugreport.sun.com/bugreport/"/>
    <property name="java.io.tmpdir" value="C:\Users\Administrator\AppData\Local\Temp\"/>
    <property name="java.version" value="1.8.0_202"/>
    <property name="user.dir" value="E:\springsecurity\securitydemo1"/>
    <property name="os.arch" value="amd64"/>
    <property name="java.vm.specification.name" value="Java Virtual Machine Specification"/>
    <property name="java.awt.printerjob" value="sun.awt.windows.WPrinterJob"/>
    <property name="sun.os.patch.level" value="Service Pack 1"/>
    <property name="java.library.path" value="E:\jdk1.8\jre\bin;C:\windows\Sun\Java\bin;C:\windows\system32;C:\windows;C:\Program Files (x86)\Common Files\Oracle\Java\javapath;C:\windows\system32;C:\windows;C:\windows\System32\Wbem;C:\windows\System32\WindowsPowerShell\v1.0\;C:\Program Files (x86)\Microsoft SQL Server\100\Tools\Binn\;C:\Program Files\Microsoft SQL Server\100\Tools\Binn\;C:\Program Files\Microsoft SQL Server\100\DTS\Binn\;C:\Users\Administrator\.dnx\bin;C:\Program Files\Microsoft DNX\Dnvm\;C:\Program Files\Microsoft SQL Server\130\Tools\Binn\;C:\Program Files\Microsoft\Web Platform Installer\;C:\Program Files (x86)\Microsoft SQL Server\110\DTS\Binn\;C:\Program Files (x86)\Microsoft SQL Server\120\DTS\Binn\;C:\Program Files (x86)\Microsoft SQL Server\130\DTS\Binn\;C:\Program Files\Microsoft SQL Server\120\Tools\Binn\;C:\Program Files (x86)\Windows Kits\10\Windows Performance Toolkit\;E:\Program Files\PuTTY\; E:\webserver\Php\ext;C:\windows\System32\WindowsPowerShell\v1.0\;D:\laravel\Git\bin;D:\laravel\virtualbox;D:\HashiCorp\Vagrant\bin;D:\python;C:\windows\System32\WindowsPowerShell\v1.0\;C:\nodejs\;E:\maven\apache-maven-3.3.9\bin;E:\tomcat\apache-tomcat-8.5.61\bin;E:\jdk1.8\bin;D:\Microsoft VS Code\bin;C:\Users\Administrator\AppData\Roaming\npm;E:\sql\MySQL\MySQL Server 8.0\bin;."/>
    <property name="java.vm.info" value="mixed mode"/>
    <property name="java.vendor" value="Oracle Corporation"/>
    <property name="java.vm.version" value="25.202-b08"/>
    <property name="java.ext.dirs" value="E:\jdk1.8\jre\lib\ext;C:\windows\Sun\Java\lib\ext"/>
    <property name="sun.io.unicode.encoding" value="UnicodeLittle"/>
    <property name="java.class.version" value="52.0"/>
  </properties>
  <testcase name="contextLoads" classname="com.spring.securitydemo1.Securitydemo1ApplicationTests" time="0.8"/>
</testsuite>